<?xml version="1.0" encoding="UTF-8"?>
<testsuite xmlns:xsi="http://www.w3.org/2001/XMLSchema-instance" xsi:noNamespaceSchemaLocation="https://maven.apache.org/surefire/maven-surefire-plugin/xsd/surefire-test-report.xsd" name="com.excilys.formation.java.cdb.test.ComputerTest" time="0.083" tests="7" errors="0" skipped="0" failures="0">
  <properties>
[...]
</properties>
  <testcase name="testGetIntroduced" classname="com.excilys.formation.java.cdb.test.ComputerTest" time="0.007"/>
  <testcase name="testGetId" classname="com.excilys.formation.java.cdb.test.ComputerTest" time="0"/>
  <testcase name="testSetId" classname="com.excilys.formation.java.cdb.test.ComputerTest" time="0"/>
  <testcase name="testGetName" classname="com.excilys.formation.java.cdb.test.ComputerTest" time="0"/>
  <testcase name="testGetDiscontinued" classname="com.excilys.formation.java.cdb.test.ComputerTest" time="0"/>
  <testcase name="testGetCompany_id" classname="com.excilys.formation.java.cdb.test.ComputerTest" time="0.001"/>
  <testcase name="testSetName" classname="com.excilys.formation.java.cdb.test.ComputerTest" time="0"/>
</testsuite>